[www.melaniedev.com/index.html]
[www.melaniedev.com/favicon.ico]
[unpkg.com/boxicons@2.1.4/css/boxicons.min.css]
[www.melaniedev.com/style.css]
[backblue.gif]
[fade.gif]
[index.html]
[www.melaniedev.com/cvmelanie.pdf]
[www.melaniedev.com/image/photo22.png]
[www.melaniedev.com/image/img__about-3.jpg]
[www.melaniedev.com/image/home223.png]
[www.melaniedev.com/image/gameboy.png]
[www.melaniedev.com/image/1Plan de travail 1.png]
[www.melaniedev.com/image/JontiWild1.png]
[www.melaniedev.com/image/WestSurfSpot1.png]
[www.melaniedev.com/image/melaniedev1.png]
[www.melaniedev.com/image/Geevit1.png]
[www.melaniedev.com/image/waves2.png]
[www.melaniedev.com/scrollreveal.min.js]
[www.melaniedev.com/mixitup.min.js]
[www.melaniedev.com/index.html]
[www.melaniedev.com/script.js]
[unpkg.com/boxicons@2.1.4/css/boxicons.min.css]
[www.melaniedev.com/style.css]
[www.melaniedev.com/scrollreveal.min.js]
[www.melaniedev.com/mixitup.min.js]
[www.melaniedev.com/script.js]
